
  .   ____          _            __ _ _
 /\\ / ___'_ __ _ _(_)_ __  __ _ \ \ \ \
( ( )\___ | '_ | '_| | '_ \/ _` | \ \ \ \
 \\/  ___)| |_)| | | | | || (_| |  ) ) ) )
  '  |____| .__|_| |_|_| |_\__, | / / / /
 =========|_|==============|___/=/_/_/_/

 :: Spring Boot ::                (v3.5.8)

2025-11-20T19:20:01.832Z  INFO 1 --- [gateway] [           main] com.msa.gateway.GatewayApplication       : Starting GatewayApplication v0.0.1-SNAPSHOT using Java 21.0.9 with PID 1 (/app/BOOT-INF/classes started by root in /app)
2025-11-20T19:20:01.841Z  INFO 1 --- [gateway] [           main] com.msa.gateway.GatewayApplication       : No active profile set, falling back to 1 default profile: "default"
2025-11-20T19:20:07.128Z  INFO 1 --- [gateway] [           main] o.s.cloud.context.scope.GenericScope     : BeanFactory id=66f819a4-1c83-370b-99d5-8ce3454fdaf3
2025-11-20T19:20:08.062Z  INFO 1 --- [gateway] [           main] o.s.b.w.embedded.tomcat.TomcatWebServer  : Tomcat initialized with port 8088 (http)
2025-11-20T19:20:08.095Z  INFO 1 --- [gateway] [           main] o.apache.catalina.core.StandardService   : Starting service [Tomcat]
2025-11-20T19:20:08.096Z  INFO 1 --- [gateway] [           main] o.apache.catalina.core.StandardEngine    : Starting Servlet engine: [Apache Tomcat/10.1.49]
2025-11-20T19:20:08.329Z  INFO 1 --- [gateway] [           main] o.a.c.c.C.[Tomcat].[localhost].[/]       : Initializing Spring embedded WebApplicationContext
2025-11-20T19:20:08.336Z  INFO 1 --- [gateway] [           main] w.s.c.ServletWebServerApplicationContext : Root WebApplicationContext: initialization completed in 5639 ms
2025-11-20T19:20:12.143Z  INFO 1 --- [gateway] [           main] DiscoveryClientOptionalArgsConfiguration : Eureka HTTP Client uses RestTemplate.
2025-11-20T19:20:12.925Z  WARN 1 --- [gateway] [           main] iguration$LoadBalancerCaffeineWarnLogger : Spring Cloud LoadBalancer is currently working with the default cache. While this cache implementation is useful for development and tests, it's recommended to use Caffeine cache in production.You can switch to using Caffeine cache, by adding it and org.springframework.cache.caffeine.CaffeineCacheManager to the classpath.
2025-11-20T19:20:12.951Z  INFO 1 --- [gateway] [           main] o.s.b.a.e.web.EndpointLinksResolver      : Exposing 2 endpoints beneath base path '/actuator'
2025-11-20T19:20:13.086Z  INFO 1 --- [gateway] [           main] o.s.c.n.eureka.InstanceInfoFactory       : Setting initial instance status as: STARTING
2025-11-20T19:20:13.157Z  INFO 1 --- [gateway] [           main] com.netflix.discovery.DiscoveryClient    : Initializing Eureka in region us-east-1
2025-11-20T19:20:13.172Z  INFO 1 --- [gateway] [           main] c.n.d.s.r.aws.ConfigClusterResolver      : Resolving eureka endpoints via configuration
2025-11-20T19:20:13.197Z  INFO 1 --- [gateway] [           main] com.netflix.discovery.DiscoveryClient    : Disable delta property : false
2025-11-20T19:20:13.198Z  INFO 1 --- [gateway] [           main] com.netflix.discovery.DiscoveryClient    : Single vip registry refresh property : null
2025-11-20T19:20:13.198Z  INFO 1 --- [gateway] [           main] com.netflix.discovery.DiscoveryClient    : Force full registry fetch : false
2025-11-20T19:20:13.199Z  INFO 1 --- [gateway] [           main] com.netflix.discovery.DiscoveryClient    : Application is null : false
2025-11-20T19:20:13.199Z  INFO 1 --- [gateway] [           main] com.netflix.discovery.DiscoveryClient    : Registered Applications size is zero : true
2025-11-20T19:20:13.200Z  INFO 1 --- [gateway] [           main] com.netflix.discovery.DiscoveryClient    : Application version is -1: true
2025-11-20T19:20:13.201Z  INFO 1 --- [gateway] [           main] com.netflix.discovery.DiscoveryClient    : Getting all instance registry info from the eureka server
2025-11-20T19:20:14.252Z  INFO 1 --- [gateway] [           main] com.netflix.discovery.DiscoveryClient    : The response status is 200
2025-11-20T19:20:14.257Z  INFO 1 --- [gateway] [           main] com.netflix.discovery.DiscoveryClient    : Starting heartbeat executor: renew interval is: 30
2025-11-20T19:20:14.261Z  INFO 1 --- [gateway] [           main] c.n.discovery.InstanceInfoReplicator     : InstanceInfoReplicator onDemand update allowed rate per min is 4
2025-11-20T19:20:14.266Z  INFO 1 --- [gateway] [           main] com.netflix.discovery.DiscoveryClient    : Discovery Client initialized at timestamp 1763666414264 with initial instances count: 2
2025-11-20T19:20:14.274Z  INFO 1 --- [gateway] [           main] o.s.c.n.e.s.EurekaServiceRegistry        : Registering application GATEWAY with eureka with status UP
2025-11-20T19:20:14.277Z  INFO 1 --- [gateway] [           main] com.netflix.discovery.DiscoveryClient    : Saw local status change event StatusChangeEvent [timestamp=1763666414277, current=UP, previous=STARTING]
2025-11-20T19:20:14.280Z  INFO 1 --- [gateway] [foReplicator-%d] com.netflix.discovery.DiscoveryClient    : DiscoveryClient_GATEWAY/5d51488b75aa:gateway:8088: registering service...
2025-11-20T19:20:14.353Z  INFO 1 --- [gateway] [           main] o.s.b.w.embedded.tomcat.TomcatWebServer  : Tomcat started on port 8088 (http) with context path '/'
2025-11-20T19:20:14.359Z  INFO 1 --- [gateway] [           main] .s.c.n.e.s.EurekaAutoServiceRegistration : Updating port to 8088
2025-11-20T19:20:14.391Z  INFO 1 --- [gateway] [foReplicator-%d] com.netflix.discovery.DiscoveryClient    : DiscoveryClient_GATEWAY/5d51488b75aa:gateway:8088 - registration status: 204
2025-11-20T19:20:14.416Z  INFO 1 --- [gateway] [           main] com.msa.gateway.GatewayApplication       : Started GatewayApplication in 14.224 seconds (process running for 16.622)
2025-11-20T19:20:18.856Z  INFO 1 --- [gateway] [nio-8088-exec-1] o.a.c.c.C.[Tomcat].[localhost].[/]       : Initializing Spring DispatcherServlet 'dispatcherServlet'
2025-11-20T19:20:18.858Z  INFO 1 --- [gateway] [nio-8088-exec-1] o.s.web.servlet.DispatcherServlet        : Initializing Servlet 'dispatcherServlet'
2025-11-20T19:20:18.864Z  INFO 1 --- [gateway] [nio-8088-exec-1] o.s.web.servlet.DispatcherServlet        : Completed initialization in 5 ms
