
  .   ____          _            __ _ _
 /\\ / ___'_ __ _ _(_)_ __  __ _ \ \ \ \
( ( )\___ | '_ | '_| | '_ \/ _` | \ \ \ \
 \\/  ___)| |_)| | | | | || (_| |  ) ) ) )
  '  |____| .__|_| |_|_| |_\__, | / / / /
 =========|_|==============|___/=/_/_/_/

 :: Spring Boot ::                (v3.5.7)

2025-11-18T16:45:49.348Z  INFO 1 --- [config] [           main] com.msa.config.ConfigApplication         : Starting ConfigApplication v0.0.1-SNAPSHOT using Java 21.0.9 with PID 1 (/app/BOOT-INF/classes started by root in /app)
2025-11-18T16:45:49.360Z  INFO 1 --- [config] [           main] com.msa.config.ConfigApplication         : The following 1 profile is active: "git"
2025-11-18T16:45:53.038Z  INFO 1 --- [config] [           main] o.s.cloud.context.scope.GenericScope     : BeanFactory id=347a3445-7745-3079-8dc5-2c6514d5d379
2025-11-18T16:45:54.102Z  INFO 1 --- [config] [           main] o.s.b.w.embedded.tomcat.TomcatWebServer  : Tomcat initialized with port 8070 (http)
2025-11-18T16:45:54.197Z  INFO 1 --- [config] [           main] o.apache.catalina.core.StandardService   : Starting service [Tomcat]
2025-11-18T16:45:54.198Z  INFO 1 --- [config] [           main] o.apache.catalina.core.StandardEngine    : Starting Servlet engine: [Apache Tomcat/10.1.48]
2025-11-18T16:45:54.306Z  INFO 1 --- [config] [           main] o.a.c.c.C.[Tomcat].[localhost].[/]       : Initializing Spring embedded WebApplicationContext
2025-11-18T16:45:54.308Z  INFO 1 --- [config] [           main] w.s.c.ServletWebServerApplicationContext : Root WebApplicationContext: initialization completed in 4719 ms
2025-11-18T16:46:02.151Z  WARN 1 --- [config] [           main] .c.s.e.MultipleJGitEnvironmentRepository : Error occured cloning to base directory.

org.eclipse.jgit.api.errors.TransportException: https://github.com/imdangun/msa.home.git: not authorized
	at org.eclipse.jgit.api.FetchCommand.call(FetchCommand.java:249) ~[org.eclipse.jgit-6.10.1.202505221210-r.jar:6.10.1.202505221210-r]
	at org.eclipse.jgit.api.CloneCommand.fetch(CloneCommand.java:319) ~[org.eclipse.jgit-6.10.1.202505221210-r.jar:6.10.1.202505221210-r]
	at org.eclipse.jgit.api.CloneCommand.call(CloneCommand.java:189) ~[org.eclipse.jgit-6.10.1.202505221210-r.jar:6.10.1.202505221210-r]
	at org.springframework.cloud.config.server.environment.JGitEnvironmentRepository.cloneToBasedir(JGitEnvironmentRepository.java:676) ~[spring-cloud-config-server-4.3.0.jar:4.3.0]
	at org.springframework.cloud.config.server.environment.JGitEnvironmentRepository.initClonedRepository(JGitEnvironmentRepository.java:379) ~[spring-cloud-config-server-4.3.0.jar:4.3.0]
	at org.springframework.cloud.config.server.environment.JGitEnvironmentRepository.afterPropertiesSet(JGitEnvironmentRepository.java:300) ~[spring-cloud-config-server-4.3.0.jar:4.3.0]
	at org.springframework.cloud.config.server.environment.MultipleJGitEnvironmentRepository.afterPropertiesSet(MultipleJGitEnvironmentRepository.java:72) ~[spring-cloud-config-server-4.3.0.jar:4.3.0]
	at org.springframework.beans.factory.support.AbstractAutowireCapableBeanFactory.invokeInitMethods(AbstractAutowireCapableBeanFactory.java:1873) ~[spring-beans-6.2.12.jar:6.2.12]
	at org.springframework.beans.factory.support.AbstractAutowireCapableBeanFactory.initializeBean(AbstractAutowireCapableBeanFactory.java:1822) ~[spring-beans-6.2.12.jar:6.2.12]
	at org.springframework.beans.factory.support.AbstractAutowireCapableBeanFactory.doCreateBean(AbstractAutowireCapableBeanFactory.java:607) ~[spring-beans-6.2.12.jar:6.2.12]
	at org.springframework.beans.factory.support.AbstractAutowireCapableBeanFactory.createBean(AbstractAutowireCapableBeanFactory.java:529) ~[spring-beans-6.2.12.jar:6.2.12]
	at org.springframework.beans.factory.support.AbstractBeanFactory.lambda$doGetBean$0(AbstractBeanFactory.java:339) ~[spring-beans-6.2.12.jar:6.2.12]
	at org.springframework.beans.factory.support.DefaultSingletonBeanRegistry.getSingleton(DefaultSingletonBeanRegistry.java:373) ~[spring-beans-6.2.12.jar:6.2.12]
	at org.springframework.beans.factory.support.AbstractBeanFactory.doGetBean(AbstractBeanFactory.java:337) ~[spring-beans-6.2.12.jar:6.2.12]
	at org.springframework.beans.factory.support.AbstractBeanFactory.getBean(AbstractBeanFactory.java:202) ~[spring-beans-6.2.12.jar:6.2.12]
	at org.springframework.beans.factory.support.DefaultListableBeanFactory.instantiateSingleton(DefaultListableBeanFactory.java:1228) ~[spring-beans-6.2.12.jar:6.2.12]
	at org.springframework.beans.factory.support.DefaultListableBeanFactory.preInstantiateSingleton(DefaultListableBeanFactory.java:1194) ~[spring-beans-6.2.12.jar:6.2.12]
	at org.springframework.beans.factory.support.DefaultListableBeanFactory.preInstantiateSingletons(DefaultListableBeanFactory.java:1130) ~[spring-beans-6.2.12.jar:6.2.12]
	at org.springframework.context.support.AbstractApplicationContext.finishBeanFactoryInitialization(AbstractApplicationContext.java:990) ~[spring-context-6.2.12.jar:6.2.12]
	at org.springframework.context.support.AbstractApplicationContext.refresh(AbstractApplicationContext.java:627) ~[spring-context-6.2.12.jar:6.2.12]
	at org.springframework.boot.web.servlet.context.ServletWebServerApplicationContext.refresh(ServletWebServerApplicationContext.java:146) ~[spring-boot-3.5.7.jar:3.5.7]
	at org.springframework.boot.SpringApplication.refresh(SpringApplication.java:752) ~[spring-boot-3.5.7.jar:3.5.7]
	at org.springframework.boot.SpringApplication.refreshContext(SpringApplication.java:439) ~[spring-boot-3.5.7.jar:3.5.7]
	at org.springframework.boot.SpringApplication.run(SpringApplication.java:318) ~[spring-boot-3.5.7.jar:3.5.7]
	at org.springframework.boot.SpringApplication.run(SpringApplication.java:1361) ~[spring-boot-3.5.7.jar:3.5.7]
	at org.springframework.boot.SpringApplication.run(SpringApplication.java:1350) ~[spring-boot-3.5.7.jar:3.5.7]
	at com.msa.config.ConfigApplication.main(ConfigApplication.java:12) ~[classes/:0.0.1-SNAPSHOT]
	at java.base/jdk.internal.reflect.DirectMethodHandleAccessor.invoke(Unknown Source) ~[na:na]
	at java.base/java.lang.reflect.Method.invoke(Unknown Source) ~[na:na]
	at org.springframework.boot.loader.launch.Launcher.launch(Launcher.java:106) ~[app/:na]
	at org.springframework.boot.loader.launch.Launcher.launch(Launcher.java:64) ~[app/:na]
	at org.springframework.boot.loader.launch.JarLauncher.main(JarLauncher.java:40) ~[app/:na]
Caused by: org.eclipse.jgit.errors.TransportException: https://github.com/imdangun/msa.home.git: not authorized
	at org.eclipse.jgit.transport.TransportHttp.connect(TransportHttp.java:694) ~[org.eclipse.jgit-6.10.1.202505221210-r.jar:6.10.1.202505221210-r]
	at org.eclipse.jgit.transport.TransportHttp.openFetch(TransportHttp.java:465) ~[org.eclipse.jgit-6.10.1.202505221210-r.jar:6.10.1.202505221210-r]
	at org.eclipse.jgit.transport.FetchProcess.executeImp(FetchProcess.java:153) ~[org.eclipse.jgit-6.10.1.202505221210-r.jar:6.10.1.202505221210-r]
	at org.eclipse.jgit.transport.FetchProcess.execute(FetchProcess.java:105) ~[org.eclipse.jgit-6.10.1.202505221210-r.jar:6.10.1.202505221210-r]
	at org.eclipse.jgit.transport.Transport.fetch(Transport.java:1480) ~[org.eclipse.jgit-6.10.1.202505221210-r.jar:6.10.1.202505221210-r]
	at org.eclipse.jgit.api.FetchCommand.call(FetchCommand.java:238) ~[org.eclipse.jgit-6.10.1.202505221210-r.jar:6.10.1.202505221210-r]
	... 31 common frames omitted

2025-11-18T16:46:02.156Z  WARN 1 --- [config] [           main] ConfigServletWebServerApplicationContext : Exception encountered during context initialization - cancelling refresh attempt: org.springframework.beans.factory.BeanCreationException: Error creating bean with name 'defaultEnvironmentRepository' defined in class path resource [org/springframework/cloud/config/server/config/GitRepositoryConfiguration.class]: https://github.com/imdangun/msa.home.git: not authorized
2025-11-18T16:46:02.161Z  INFO 1 --- [config] [           main] o.apache.catalina.core.StandardService   : Stopping service [Tomcat]
2025-11-18T16:46:02.301Z  INFO 1 --- [config] [           main] .s.b.a.l.ConditionEvaluationReportLogger : 

Error starting ApplicationContext. To display the condition evaluation report re-run your application with 'debug' enabled.
2025-11-18T16:46:02.553Z ERROR 1 --- [config] [           main] o.s.boot.SpringApplication               : Application run failed

org.springframework.beans.factory.BeanCreationException: Error creating bean with name 'defaultEnvironmentRepository' defined in class path resource [org/springframework/cloud/config/server/config/GitRepositoryConfiguration.class]: https://github.com/imdangun/msa.home.git: not authorized
	at org.springframework.beans.factory.support.AbstractAutowireCapableBeanFactory.initializeBean(AbstractAutowireCapableBeanFactory.java:1826) ~[spring-beans-6.2.12.jar:6.2.12]
	at org.springframework.beans.factory.support.AbstractAutowireCapableBeanFactory.doCreateBean(AbstractAutowireCapableBeanFactory.java:607) ~[spring-beans-6.2.12.jar:6.2.12]
	at org.springframework.beans.factory.support.AbstractAutowireCapableBeanFactory.createBean(AbstractAutowireCapableBeanFactory.java:529) ~[spring-beans-6.2.12.jar:6.2.12]
	at org.springframework.beans.factory.support.AbstractBeanFactory.lambda$doGetBean$0(AbstractBeanFactory.java:339) ~[spring-beans-6.2.12.jar:6.2.12]
	at org.springframework.beans.factory.support.DefaultSingletonBeanRegistry.getSingleton(DefaultSingletonBeanRegistry.java:373) ~[spring-beans-6.2.12.jar:6.2.12]
	at org.springframework.beans.factory.support.AbstractBeanFactory.doGetBean(AbstractBeanFactory.java:337) ~[spring-beans-6.2.12.jar:6.2.12]
	at org.springframework.beans.factory.support.AbstractBeanFactory.getBean(AbstractBeanFactory.java:202) ~[spring-beans-6.2.12.jar:6.2.12]
	at org.springframework.beans.factory.support.DefaultListableBeanFactory.instantiateSingleton(DefaultListableBeanFactory.java:1228) ~[spring-beans-6.2.12.jar:6.2.12]
	at org.springframework.beans.factory.support.DefaultListableBeanFactory.preInstantiateSingleton(DefaultListableBeanFactory.java:1194) ~[spring-beans-6.2.12.jar:6.2.12]
	at org.springframework.beans.factory.support.DefaultListableBeanFactory.preInstantiateSingletons(DefaultListableBeanFactory.java:1130) ~[spring-beans-6.2.12.jar:6.2.12]
	at org.springframework.context.support.AbstractApplicationContext.finishBeanFactoryInitialization(AbstractApplicationContext.java:990) ~[spring-context-6.2.12.jar:6.2.12]
	at org.springframework.context.support.AbstractApplicationContext.refresh(AbstractApplicationContext.java:627) ~[spring-context-6.2.12.jar:6.2.12]
	at org.springframework.boot.web.servlet.context.ServletWebServerApplicationContext.refresh(ServletWebServerApplicationContext.java:146) ~[spring-boot-3.5.7.jar:3.5.7]
	at org.springframework.boot.SpringApplication.refresh(SpringApplication.java:752) ~[spring-boot-3.5.7.jar:3.5.7]
	at org.springframework.boot.SpringApplication.refreshContext(SpringApplication.java:439) ~[spring-boot-3.5.7.jar:3.5.7]
	at org.springframework.boot.SpringApplication.run(SpringApplication.java:318) ~[spring-boot-3.5.7.jar:3.5.7]
	at org.springframework.boot.SpringApplication.run(SpringApplication.java:1361) ~[spring-boot-3.5.7.jar:3.5.7]
	at org.springframework.boot.SpringApplication.run(SpringApplication.java:1350) ~[spring-boot-3.5.7.jar:3.5.7]
	at com.msa.config.ConfigApplication.main(ConfigApplication.java:12) ~[classes/:0.0.1-SNAPSHOT]
	at java.base/jdk.internal.reflect.DirectMethodHandleAccessor.invoke(Unknown Source) ~[na:na]
	at java.base/java.lang.reflect.Method.invoke(Unknown Source) ~[na:na]
	at org.springframework.boot.loader.launch.Launcher.launch(Launcher.java:106) ~[app/:na]
	at org.springframework.boot.loader.launch.Launcher.launch(Launcher.java:64) ~[app/:na]
	at org.springframework.boot.loader.launch.JarLauncher.main(JarLauncher.java:40) ~[app/:na]
Caused by: org.eclipse.jgit.api.errors.TransportException: https://github.com/imdangun/msa.home.git: not authorized
	at org.eclipse.jgit.api.FetchCommand.call(FetchCommand.java:249) ~[org.eclipse.jgit-6.10.1.202505221210-r.jar:6.10.1.202505221210-r]
	at org.eclipse.jgit.api.CloneCommand.fetch(CloneCommand.java:319) ~[org.eclipse.jgit-6.10.1.202505221210-r.jar:6.10.1.202505221210-r]
	at org.eclipse.jgit.api.CloneCommand.call(CloneCommand.java:189) ~[org.eclipse.jgit-6.10.1.202505221210-r.jar:6.10.1.202505221210-r]
	at org.springframework.cloud.config.server.environment.JGitEnvironmentRepository.cloneToBasedir(JGitEnvironmentRepository.java:676) ~[spring-cloud-config-server-4.3.0.jar:4.3.0]
	at org.springframework.cloud.config.server.environment.JGitEnvironmentRepository.initClonedRepository(JGitEnvironmentRepository.java:379) ~[spring-cloud-config-server-4.3.0.jar:4.3.0]
	at org.springframework.cloud.config.server.environment.JGitEnvironmentRepository.afterPropertiesSet(JGitEnvironmentRepository.java:300) ~[spring-cloud-config-server-4.3.0.jar:4.3.0]
	at org.springframework.cloud.config.server.environment.MultipleJGitEnvironmentRepository.afterPropertiesSet(MultipleJGitEnvironmentRepository.java:72) ~[spring-cloud-config-server-4.3.0.jar:4.3.0]
	at org.springframework.beans.factory.support.AbstractAutowireCapableBeanFactory.invokeInitMethods(AbstractAutowireCapableBeanFactory.java:1873) ~[spring-beans-6.2.12.jar:6.2.12]
	at org.springframework.beans.factory.support.AbstractAutowireCapableBeanFactory.initializeBean(AbstractAutowireCapableBeanFactory.java:1822) ~[spring-beans-6.2.12.jar:6.2.12]
	... 23 common frames omitted
Caused by: org.eclipse.jgit.errors.TransportException: https://github.com/imdangun/msa.home.git: not authorized
	at org.eclipse.jgit.transport.TransportHttp.connect(TransportHttp.java:694) ~[org.eclipse.jgit-6.10.1.202505221210-r.jar:6.10.1.202505221210-r]
	at org.eclipse.jgit.transport.TransportHttp.openFetch(TransportHttp.java:465) ~[org.eclipse.jgit-6.10.1.202505221210-r.jar:6.10.1.202505221210-r]
	at org.eclipse.jgit.transport.FetchProcess.executeImp(FetchProcess.java:153) ~[org.eclipse.jgit-6.10.1.202505221210-r.jar:6.10.1.202505221210-r]
	at org.eclipse.jgit.transport.FetchProcess.execute(FetchProcess.java:105) ~[org.eclipse.jgit-6.10.1.202505221210-r.jar:6.10.1.202505221210-r]
	at org.eclipse.jgit.transport.Transport.fetch(Transport.java:1480) ~[org.eclipse.jgit-6.10.1.202505221210-r.jar:6.10.1.202505221210-r]
	at org.eclipse.jgit.api.FetchCommand.call(FetchCommand.java:238) ~[org.eclipse.jgit-6.10.1.202505221210-r.jar:6.10.1.202505221210-r]
	... 31 common frames omitted

